<?xml version="1.0" encoding="UTF-8"?>
<!-- Generated by org.testng.reporters.JUnitReportReporter -->
<testsuite skipped="0" hostname="DESKTOP-EEDU624" name="com.sample.SampleProject2" tests="3" failures="0" timestamp="12 Oct 2022 10:01:03 GMT" time="41.890" errors="0">
  <testcase name="test1" time="10.972" classname="com.sample.SampleProject2"/>
  <testcase name="test1" time="16.692" classname="com.sample.SampleProject2"/>
  <testcase name="test1" time="14.226" classname="com.sample.SampleProject2"/>
</testsuite> <!-- com.sample.SampleProject2 -->
