<?xml version="1.0" encoding="UTF-8"?>
<!-- Generated by org.testng.reporters.JUnitReportReporter -->
<testsuite skipped="0" hostname="DESKTOP-EEDU624" name="com.sample.SampleProject" tests="3" failures="0" timestamp="12 Oct 2022 09:08:59 GMT" time="15.283" errors="0">
  <testcase name="test" time="5.320" classname="com.sample.SampleProject"/>
  <testcase name="test" time="5.088" classname="com.sample.SampleProject"/>
  <testcase name="test" time="4.875" classname="com.sample.SampleProject"/>
</testsuite> <!-- com.sample.SampleProject -->
